2025-05-17 03:37:58 INFO  TC_001_AccountRegistrationTest:15 - starting TC_001_AccountRegistrationTest 
2025-05-17 03:37:58 INFO  TC_001_AccountRegistrationTest:19 - Clicked on nmy account link
2025-05-17 03:37:59 INFO  TC_001_AccountRegistrationTest:21 - Clicked on nmy Register link
2025-05-17 03:37:59 INFO  TC_001_AccountRegistrationTest:24 - Providing customer details
2025-05-17 03:38:00 INFO  TC_001_AccountRegistrationTest:38 - Validating Expected meassage
2025-05-17 03:38:03 INFO  TC_002_LoginTest:15 - **** Starting TC_002_LoginTest ****
2025-05-17 03:38:03 INFO  TC_002_LoginTest:22 - Clicked on My Account link on the Home Page.
2025-05-17 03:38:04 INFO  TC_002_LoginTest:25 - Clicked on Login link under My Account.
2025-05-17 03:38:04 INFO  TC_002_LoginTest:29 - Entering valid email and password.
2025-05-17 03:38:04 INFO  TC_002_LoginTest:33 - Clicked on Login button.
2025-05-17 03:38:14 INFO  TC_002_LoginTest:15 - **** Starting TC_002_LoginTest ****
2025-05-17 03:38:14 ERROR TC_002_LoginTest:42 - Exception occurred during login test: invalid session id
Build info: version: '4.27.0', revision: 'd6e718d134'
System info: os.name: 'Windows 11', os.arch: 'amd64', os.version: '10.0', java.version: '21.0.4'
Driver info: org.openqa.selenium.chrome.ChromeDriver
Command: [1d6f4159d2bc788138e3ad076c5c9993, findElement {using=xpath, value=//span[normalize-space()='My Account']}]
Capabilities {acceptInsecureCerts: false, browserName: chrome, browserVersion: 136.0.7103.114, chrome: {chromedriverVersion: 136.0.7103.94 (fa0be0b33deb..., userDataDir: C:\Users\ASUS\AppData\Local...}, fedcm:accounts: true, goog:chromeOptions: {debuggerAddress: localhost:55479}, networkConnectionEnabled: false, pageLoadStrategy: normal, platformName: windows, proxy: Proxy(), se:cdp: ws://localhost:55479/devtoo..., se:cdpVersion: 136.0.7103.114, setWindowRect: true, strictFileInteractability: false, timeouts: {implicit: 0, pageLoad: 300000, script: 30000}, unhandledPromptBehavior: dismiss and notify, webauthn:extension:credBlob: true, webauthn:extension:largeBlob: true, webauthn:extension:minPinLength: true, webauthn:extension:prf: true, webauthn:virtualAuthenticators: true}
Session ID: 1d6f4159d2bc788138e3ad076c5c9993
2025-05-17 03:38:14 INFO  TC_002_LoginTest:15 - **** Starting TC_002_LoginTest ****
2025-05-17 03:38:14 ERROR TC_002_LoginTest:42 - Exception occurred during login test: invalid session id
Build info: version: '4.27.0', revision: 'd6e718d134'
System info: os.name: 'Windows 11', os.arch: 'amd64', os.version: '10.0', java.version: '21.0.4'
Driver info: org.openqa.selenium.chrome.ChromeDriver
Command: [1d6f4159d2bc788138e3ad076c5c9993, findElement {using=xpath, value=//span[normalize-space()='My Account']}]
Capabilities {acceptInsecureCerts: false, browserName: chrome, browserVersion: 136.0.7103.114, chrome: {chromedriverVersion: 136.0.7103.94 (fa0be0b33deb..., userDataDir: C:\Users\ASUS\AppData\Local...}, fedcm:accounts: true, goog:chromeOptions: {debuggerAddress: localhost:55479}, networkConnectionEnabled: false, pageLoadStrategy: normal, platformName: windows, proxy: Proxy(), se:cdp: ws://localhost:55479/devtoo..., se:cdpVersion: 136.0.7103.114, setWindowRect: true, strictFileInteractability: false, timeouts: {implicit: 0, pageLoad: 300000, script: 30000}, unhandledPromptBehavior: dismiss and notify, webauthn:extension:credBlob: true, webauthn:extension:largeBlob: true, webauthn:extension:minPinLength: true, webauthn:extension:prf: true, webauthn:virtualAuthenticators: true}
Session ID: 1d6f4159d2bc788138e3ad076c5c9993
2025-05-17 03:38:16 INFO  TC_004_SearchProductTest:13 -  Starting TC_004_SearchProductTest 
2025-05-17 03:38:17 INFO  TC_004_SearchProductTest:32 -  Finished TC_004_SearchProductTest 
2025-05-17 03:38:19 INFO  TC_005_AddToCartPageTest:14 -  Starting TC_005_AddToCartPageTest 
2025-05-17 03:38:20 INFO  TC_005_AddToCartPageTest:34 -  Finished TC_004_SearchProductTest 
